ARM GAS  C:\Users\KAI\AppData\Local\Temp\cc4Vaweg.s 			page 1


   1              		.cpu cortex-m3
   2              		.eabi_attribute 20, 1
   3              		.eabi_attribute 21, 1
   4              		.eabi_attribute 23, 3
   5              		.eabi_attribute 24, 1
   6              		.eabi_attribute 25, 1
   7              		.eabi_attribute 26, 1
   8              		.eabi_attribute 30, 6
   9              		.eabi_attribute 34, 1
  10              		.eabi_attribute 18, 4
  11              		.file	"fsm_automatic.c"
  12              		.text
  13              	.Ltext0:
  14              		.cfi_sections	.debug_frame
  15              		.section	.text.fsm_automatic_run,"ax",%progbits
  16              		.align	1
  17              		.global	fsm_automatic_run
  18              		.arch armv7-m
  19              		.syntax unified
  20              		.thumb
  21              		.thumb_func
  22              		.fpu softvfp
  24              	fsm_automatic_run:
  25              	.LFB65:
  26              		.file 1 "./Core/Src/fsm_automatic.c"
   1:./Core/Src/fsm_automatic.c **** /*
   2:./Core/Src/fsm_automatic.c ****  * fsm_automatic.c
   3:./Core/Src/fsm_automatic.c ****  *
   4:./Core/Src/fsm_automatic.c ****  *  Created on: Sep 30, 2022
   5:./Core/Src/fsm_automatic.c ****  *      Author: KAI
   6:./Core/Src/fsm_automatic.c ****  */
   7:./Core/Src/fsm_automatic.c **** #include "fsm_automatic.h"
   8:./Core/Src/fsm_automatic.c **** 
   9:./Core/Src/fsm_automatic.c **** void fsm_automatic_run(){
  27              		.loc 1 9 25
  28              		.cfi_startproc
  29              		@ args = 0, pretend = 0, frame = 0
  30              		@ frame_needed = 1, uses_anonymous_args = 0
  31 0000 80B5     		push	{r7, lr}
  32              		.cfi_def_cfa_offset 8
  33              		.cfi_offset 7, -8
  34              		.cfi_offset 14, -4
  35 0002 00AF     		add	r7, sp, #0
  36              		.cfi_def_cfa_register 7
  10:./Core/Src/fsm_automatic.c **** 	switch(status){
  37              		.loc 1 10 2
  38 0004 294B     		ldr	r3, .L18
  39 0006 1B68     		ldr	r3, [r3]
  40 0008 013B     		subs	r3, r3, #1
  41 000a 032B     		cmp	r3, #3
  42 000c 44D8     		bhi	.L13
  43 000e 01A2     		adr	r2, .L4
  44 0010 52F823F0 		ldr	pc, [r2, r3, lsl #2]
  45              		.p2align 2
  46              	.L4:
  47 0014 25000000 		.word	.L7+1
  48 0018 35000000 		.word	.L6+1
ARM GAS  C:\Users\KAI\AppData\Local\Temp\cc4Vaweg.s 			page 2


  49 001c 69000000 		.word	.L5+1
  50 0020 81000000 		.word	.L3+1
  51              		.p2align 1
  52              	.L7:
  11:./Core/Src/fsm_automatic.c **** 		case INIT:
  12:./Core/Src/fsm_automatic.c **** 			status = AUTO_RED;
  53              		.loc 1 12 11
  54 0024 214B     		ldr	r3, .L18
  55 0026 0222     		movs	r2, #2
  56 0028 1A60     		str	r2, [r3]
  13:./Core/Src/fsm_automatic.c **** 			setTimer1(5000);
  57              		.loc 1 13 4
  58 002a 41F28830 		movw	r0, #5000
  59 002e FFF7FEFF 		bl	setTimer1
  14:./Core/Src/fsm_automatic.c **** 			break;
  60              		.loc 1 14 4
  61 0032 38E0     		b	.L8
  62              	.L6:
  15:./Core/Src/fsm_automatic.c **** 		case AUTO_RED:
  16:./Core/Src/fsm_automatic.c **** 			//TODO
  17:./Core/Src/fsm_automatic.c **** 			if(timer1_flag == 1){
  63              		.loc 1 17 19
  64 0034 1E4B     		ldr	r3, .L18+4
  65 0036 1B68     		ldr	r3, [r3]
  66              		.loc 1 17 6
  67 0038 012B     		cmp	r3, #1
  68 003a 06D1     		bne	.L9
  18:./Core/Src/fsm_automatic.c **** 				status = AUTO_GREEN;
  69              		.loc 1 18 12
  70 003c 1B4B     		ldr	r3, .L18
  71 003e 0322     		movs	r2, #3
  72 0040 1A60     		str	r2, [r3]
  19:./Core/Src/fsm_automatic.c **** 				setTimer1(3000);
  73              		.loc 1 19 5
  74 0042 40F6B830 		movw	r0, #3000
  75 0046 FFF7FEFF 		bl	setTimer1
  76              	.L9:
  20:./Core/Src/fsm_automatic.c **** 			}
  21:./Core/Src/fsm_automatic.c **** 			if(button1_flag == 1){
  77              		.loc 1 21 20
  78 004a 1A4B     		ldr	r3, .L18+8
  79 004c 1B68     		ldr	r3, [r3]
  80              		.loc 1 21 6
  81 004e 012B     		cmp	r3, #1
  82 0050 24D1     		bne	.L14
  22:./Core/Src/fsm_automatic.c **** 				button1_flag = 0;
  83              		.loc 1 22 18
  84 0052 184B     		ldr	r3, .L18+8
  85 0054 0022     		movs	r2, #0
  86 0056 1A60     		str	r2, [r3]
  23:./Core/Src/fsm_automatic.c **** 				status = MAN_RED;
  87              		.loc 1 23 12
  88 0058 144B     		ldr	r3, .L18
  89 005a 0C22     		movs	r2, #12
  90 005c 1A60     		str	r2, [r3]
  24:./Core/Src/fsm_automatic.c **** 				setTimer1(10000);
  91              		.loc 1 24 5
ARM GAS  C:\Users\KAI\AppData\Local\Temp\cc4Vaweg.s 			page 3


  92 005e 42F21070 		movw	r0, #10000
  93 0062 FFF7FEFF 		bl	setTimer1
  25:./Core/Src/fsm_automatic.c **** 			}
  26:./Core/Src/fsm_automatic.c **** 			break;
  94              		.loc 1 26 4
  95 0066 19E0     		b	.L14
  96              	.L5:
  27:./Core/Src/fsm_automatic.c **** 		case AUTO_GREEN:
  28:./Core/Src/fsm_automatic.c **** 			//TODO
  29:./Core/Src/fsm_automatic.c **** 			if(timer1_flag == 1){
  97              		.loc 1 29 19
  98 0068 114B     		ldr	r3, .L18+4
  99 006a 1B68     		ldr	r3, [r3]
 100              		.loc 1 29 6
 101 006c 012B     		cmp	r3, #1
 102 006e 17D1     		bne	.L15
  30:./Core/Src/fsm_automatic.c **** 				status = AUTO_YELLOW;
 103              		.loc 1 30 12
 104 0070 0E4B     		ldr	r3, .L18
 105 0072 0422     		movs	r2, #4
 106 0074 1A60     		str	r2, [r3]
  31:./Core/Src/fsm_automatic.c **** 				setTimer1(2000);
 107              		.loc 1 31 5
 108 0076 4FF4FA60 		mov	r0, #2000
 109 007a FFF7FEFF 		bl	setTimer1
  32:./Core/Src/fsm_automatic.c **** 			}
  33:./Core/Src/fsm_automatic.c **** 			break;
 110              		.loc 1 33 4
 111 007e 0FE0     		b	.L15
 112              	.L3:
  34:./Core/Src/fsm_automatic.c **** 		case AUTO_YELLOW:
  35:./Core/Src/fsm_automatic.c **** 			//TODO
  36:./Core/Src/fsm_automatic.c **** 			if(timer1_flag == 1){
 113              		.loc 1 36 19
 114 0080 0B4B     		ldr	r3, .L18+4
 115 0082 1B68     		ldr	r3, [r3]
 116              		.loc 1 36 6
 117 0084 012B     		cmp	r3, #1
 118 0086 0DD1     		bne	.L16
  37:./Core/Src/fsm_automatic.c **** 				status = AUTO_RED;
 119              		.loc 1 37 12
 120 0088 084B     		ldr	r3, .L18
 121 008a 0222     		movs	r2, #2
 122 008c 1A60     		str	r2, [r3]
  38:./Core/Src/fsm_automatic.c **** 				setTimer1(5000);
 123              		.loc 1 38 5
 124 008e 41F28830 		movw	r0, #5000
 125 0092 FFF7FEFF 		bl	setTimer1
  39:./Core/Src/fsm_automatic.c **** 			}
  40:./Core/Src/fsm_automatic.c **** 			break;
 126              		.loc 1 40 4
 127 0096 05E0     		b	.L16
 128              	.L13:
  41:./Core/Src/fsm_automatic.c **** 		default:
  42:./Core/Src/fsm_automatic.c **** 			break;
 129              		.loc 1 42 4
 130 0098 00BF     		nop
ARM GAS  C:\Users\KAI\AppData\Local\Temp\cc4Vaweg.s 			page 4


 131 009a 04E0     		b	.L17
 132              	.L14:
  26:./Core/Src/fsm_automatic.c **** 		case AUTO_GREEN:
 133              		.loc 1 26 4
 134 009c 00BF     		nop
 135 009e 02E0     		b	.L17
 136              	.L15:
  33:./Core/Src/fsm_automatic.c **** 		case AUTO_YELLOW:
 137              		.loc 1 33 4
 138 00a0 00BF     		nop
 139 00a2 00E0     		b	.L17
 140              	.L16:
  40:./Core/Src/fsm_automatic.c **** 		default:
 141              		.loc 1 40 4
 142 00a4 00BF     		nop
 143              	.L8:
 144              	.L17:
  43:./Core/Src/fsm_automatic.c **** 	}
  44:./Core/Src/fsm_automatic.c **** }
 145              		.loc 1 44 1
 146 00a6 00BF     		nop
 147 00a8 80BD     		pop	{r7, pc}
 148              	.L19:
 149 00aa 00BF     		.align	2
 150              	.L18:
 151 00ac 00000000 		.word	status
 152 00b0 00000000 		.word	timer1_flag
 153 00b4 00000000 		.word	button1_flag
 154              		.cfi_endproc
 155              	.LFE65:
 157              		.text
 158              	.Letext0:
 159              		.file 2 "Core/Inc/software_timer.h"
 160              		.file 3 "c:\\st\\stm32cubeide_1.7.0\\stm32cubeide\\plugins\\com.st.stm32cube.ide.mcu.externaltools
 161              		.file 4 "c:\\st\\stm32cubeide_1.7.0\\stm32cubeide\\plugins\\com.st.stm32cube.ide.mcu.externaltools
 162              		.file 5 "Drivers/CMSIS/Include/core_cm3.h"
 163              		.file 6 "Drivers/CMSIS/Device/ST/STM32F1xx/Include/system_stm32f1xx.h"
 164              		.file 7 "Drivers/STM32F1xx_HAL_Driver/Inc/stm32f1xx_hal.h"
 165              		.file 8 "Core/Inc/button.h"
 166              		.file 9 "Core/Inc/global.h"
ARM GAS  C:\Users\KAI\AppData\Local\Temp\cc4Vaweg.s 			page 5


DEFINED SYMBOLS
                            *ABS*:0000000000000000 fsm_automatic.c
C:\Users\KAI\AppData\Local\Temp\cc4Vaweg.s:16     .text.fsm_automatic_run:0000000000000000 $t
C:\Users\KAI\AppData\Local\Temp\cc4Vaweg.s:24     .text.fsm_automatic_run:0000000000000000 fsm_automatic_run
C:\Users\KAI\AppData\Local\Temp\cc4Vaweg.s:47     .text.fsm_automatic_run:0000000000000014 $d
C:\Users\KAI\AppData\Local\Temp\cc4Vaweg.s:51     .text.fsm_automatic_run:0000000000000024 $t
C:\Users\KAI\AppData\Local\Temp\cc4Vaweg.s:151    .text.fsm_automatic_run:00000000000000ac $d
                           .group:0000000000000000 wm4.0.a21ab13f311afe0255bb80aef44f75e6
                           .group:0000000000000000 wm4.stm32f1xx_hal_conf.h.21.98635006afa9a018cfa5e0632ed4968b
                           .group:0000000000000000 wm4.stm32f1xx.h.39.208bb8a61c892b7c37d899c49a031330
                           .group:0000000000000000 wm4.stm32f103x6.h.38.c380e9c6400cf3b45331581c31968951
                           .group:0000000000000000 wm4._newlib_version.h.4.1ef4e12f167f8b69d7c30054be56050d
                           .group:0000000000000000 wm4.features.h.33.318b64d71e0957639cfb30f1db1f7ec8
                           .group:0000000000000000 wm4._default_types.h.15.247e5cd201eca3442cbf5404108c4935
                           .group:0000000000000000 wm4._intsup.h.10.48bafbb683905c4daa4565a85aeeb264
                           .group:0000000000000000 wm4._stdint.h.10.c24fa3af3bc1706662bb5593a907e841
                           .group:0000000000000000 wm4.stdint.h.23.d53047a68f4a85177f80b422d52785ed
                           .group:0000000000000000 wm4.cmsis_version.h.32.4d5822004c01a829a975260e854b5f8e
                           .group:0000000000000000 wm4.core_cm3.h.66.fc46cac19810db8f98d67da7ef88f42c
                           .group:0000000000000000 wm4.cmsis_gcc.h.26.225e4f5469716fdeef823d1102f5b23e
                           .group:0000000000000000 wm4.core_cm3.h.127.f4474120f1a7524deb56f9d74ff175da
                           .group:0000000000000000 wm4.stm32f103x6.h.568.9fd852b5e75beca9bb663a0bce9fae78
                           .group:0000000000000000 wm4.stm32f1xx.h.162.96b09079a093c34dbd7f0b85cbd0ddee
                           .group:0000000000000000 wm4.stm32_hal_legacy.h.23.91ba5b544a4c2be2620a1e7ff0049e10
                           .group:0000000000000000 wm4.stddef.h.39.144cf5ddcd53cbfdac30259dc1a6c87f
                           .group:0000000000000000 wm4.stm32f1xx_hal_def.h.57.18d01ce1aa74e9fb44dbf16f821a574a
                           .group:0000000000000000 wm4.stm32f1xx_hal_rcc.h.95.21591bbc513aaa813c0b8640c3b32517
                           .group:0000000000000000 wm4.stm32f1xx_hal_rcc_ex.h.22.3a0b7e8041b3028f6cff6afd78fd4b60
                           .group:0000000000000000 wm4.stm32f1xx_hal_rcc.h.1202.f8e5f9e0cf4eef7840facf5396029056
                           .group:0000000000000000 wm4.stm32f1xx_hal_gpio.h.22.fa638d688dcc57ca806fe6a7831b0d04
                           .group:0000000000000000 wm4.stm32f1xx_hal_gpio_ex.h.22.617211ec6e7b3eddc2f02f2368733652
                           .group:0000000000000000 wm4.stm32f1xx_hal_gpio.h.263.f5ebf2f545ade59412ab9261c8e35dc4
                           .group:0000000000000000 wm4.stm32f1xx_hal_exti.h.22.dc59ac364fa012cb16d8761e7084fd2f
                           .group:0000000000000000 wm4.stm32f1xx_hal_dma.h.22.3c14338534886827bf3aeaa2a7f412a1
                           .group:0000000000000000 wm4.stm32f1xx_hal_dma_ex.h.22.001ac4d7f81ccbdcae49bd65c13858c8
                           .group:0000000000000000 wm4.stm32f1xx_hal_dma.h.409.cafcd2cfe701091535636be537c18293
                           .group:0000000000000000 wm4.stm32f1xx_hal_cortex.h.22.b5f4174bb6a50d95405567b8f50e0900
                           .group:0000000000000000 wm4.stm32f1xx_hal_flash.h.22.5cea9a7210e6315b41724b47b5fdf203
                           .group:0000000000000000 wm4.stm32f1xx_hal_flash_ex.h.22.de0d1acc862cc89e7d650af43a77624f
                           .group:0000000000000000 wm4.stm32f1xx_hal_pwr.h.22.3438c476faafc3240bf146f143df3fcd
                           .group:0000000000000000 wm4.stm32f1xx_hal_tim.h.22.a16e206564e97dbace9faae59a0d6008
                           .group:0000000000000000 wm4.stm32f1xx_hal_uart.h.22.5f7992e497faa36aa98f09f7214f4dbb
                           .group:0000000000000000 wm4.stm32f1xx_hal.h.88.b8fc6489a2f01723e8d9e391c1072aa4
                           .group:0000000000000000 wm4.main.h.61.74d1da09ab2b5e68d645d6eba4bce708
                           .group:0000000000000000 wm4.button.h.13.05acf9da876b1f6b3b074679a1d14a8a
                           .group:0000000000000000 wm4.global.h.14.906fb00adb81f4d68e9f5708d5ec470c

UNDEFINED SYMBOLS
setTimer1
status
timer1_flag
button1_flag
