ARM GAS  C:\Users\KAI\AppData\Local\Temp\ccvnyprE.s 			page 1


   1              		.cpu cortex-m3
   2              		.eabi_attribute 20, 1
   3              		.eabi_attribute 21, 1
   4              		.eabi_attribute 23, 3
   5              		.eabi_attribute 24, 1
   6              		.eabi_attribute 25, 1
   7              		.eabi_attribute 26, 1
   8              		.eabi_attribute 30, 6
   9              		.eabi_attribute 34, 1
  10              		.eabi_attribute 18, 4
  11              		.file	"fsm_manual.c"
  12              		.text
  13              	.Ltext0:
  14              		.cfi_sections	.debug_frame
  15              		.section	.text.fsm_manual_run,"ax",%progbits
  16              		.align	1
  17              		.global	fsm_manual_run
  18              		.arch armv7-m
  19              		.syntax unified
  20              		.thumb
  21              		.thumb_func
  22              		.fpu softvfp
  24              	fsm_manual_run:
  25              	.LFB65:
  26              		.file 1 "./Core/Src/fsm_manual.c"
   1:./Core/Src/fsm_manual.c **** /*
   2:./Core/Src/fsm_manual.c ****  * fsm_manual.c
   3:./Core/Src/fsm_manual.c ****  *
   4:./Core/Src/fsm_manual.c ****  *  Created on: Oct 7, 2022
   5:./Core/Src/fsm_manual.c ****  *      Author: KAI
   6:./Core/Src/fsm_manual.c ****  */
   7:./Core/Src/fsm_manual.c **** #include "fsm_manual.h"
   8:./Core/Src/fsm_manual.c **** 
   9:./Core/Src/fsm_manual.c **** 
  10:./Core/Src/fsm_manual.c **** void fsm_manual_run(){
  27              		.loc 1 10 22
  28              		.cfi_startproc
  29              		@ args = 0, pretend = 0, frame = 0
  30              		@ frame_needed = 1, uses_anonymous_args = 0
  31 0000 80B5     		push	{r7, lr}
  32              		.cfi_def_cfa_offset 8
  33              		.cfi_offset 7, -8
  34              		.cfi_offset 14, -4
  35 0002 00AF     		add	r7, sp, #0
  36              		.cfi_def_cfa_register 7
  11:./Core/Src/fsm_manual.c **** 	switch(status){
  37              		.loc 1 11 2
  38 0004 0F4B     		ldr	r3, .L13
  39 0006 1B68     		ldr	r3, [r3]
  40 0008 0E2B     		cmp	r3, #14
  41 000a 12D0     		beq	.L8
  42 000c 0E2B     		cmp	r3, #14
  43 000e 12DC     		bgt	.L9
  44 0010 0C2B     		cmp	r3, #12
  45 0012 02D0     		beq	.L4
  46 0014 0D2B     		cmp	r3, #13
  47 0016 10D0     		beq	.L10
ARM GAS  C:\Users\KAI\AppData\Local\Temp\ccvnyprE.s 			page 2


  12:./Core/Src/fsm_manual.c **** 		case MAN_RED:
  13:./Core/Src/fsm_manual.c **** 			//TODO
  14:./Core/Src/fsm_manual.c **** 			if(timer1_flag == 1){
  15:./Core/Src/fsm_manual.c **** 				status = AUTO_RED;
  16:./Core/Src/fsm_manual.c **** 				setTimer1(5000);
  17:./Core/Src/fsm_manual.c **** 			}
  18:./Core/Src/fsm_manual.c **** 			break;
  19:./Core/Src/fsm_manual.c **** 		case MAN_GREEN:
  20:./Core/Src/fsm_manual.c **** 			break;
  21:./Core/Src/fsm_manual.c **** 		case MAN_YELLOW:
  22:./Core/Src/fsm_manual.c **** 			break;
  23:./Core/Src/fsm_manual.c **** 		default:
  24:./Core/Src/fsm_manual.c **** 			break;
  48              		.loc 1 24 4
  49 0018 0DE0     		b	.L9
  50              	.L4:
  14:./Core/Src/fsm_manual.c **** 				status = AUTO_RED;
  51              		.loc 1 14 19
  52 001a 0B4B     		ldr	r3, .L13+4
  53 001c 1B68     		ldr	r3, [r3]
  14:./Core/Src/fsm_manual.c **** 				status = AUTO_RED;
  54              		.loc 1 14 6
  55 001e 012B     		cmp	r3, #1
  56 0020 0DD1     		bne	.L11
  15:./Core/Src/fsm_manual.c **** 				setTimer1(5000);
  57              		.loc 1 15 12
  58 0022 084B     		ldr	r3, .L13
  59 0024 0222     		movs	r2, #2
  60 0026 1A60     		str	r2, [r3]
  16:./Core/Src/fsm_manual.c **** 			}
  61              		.loc 1 16 5
  62 0028 41F28830 		movw	r0, #5000
  63 002c FFF7FEFF 		bl	setTimer1
  18:./Core/Src/fsm_manual.c **** 		case MAN_GREEN:
  64              		.loc 1 18 4
  65 0030 05E0     		b	.L11
  66              	.L8:
  22:./Core/Src/fsm_manual.c **** 		default:
  67              		.loc 1 22 4
  68 0032 00BF     		nop
  69 0034 04E0     		b	.L12
  70              	.L9:
  71              		.loc 1 24 4
  72 0036 00BF     		nop
  73 0038 02E0     		b	.L12
  74              	.L10:
  20:./Core/Src/fsm_manual.c **** 		case MAN_YELLOW:
  75              		.loc 1 20 4
  76 003a 00BF     		nop
  77 003c 00E0     		b	.L12
  78              	.L11:
  18:./Core/Src/fsm_manual.c **** 		case MAN_GREEN:
  79              		.loc 1 18 4
  80 003e 00BF     		nop
  81              	.L12:
  25:./Core/Src/fsm_manual.c **** 	}
  26:./Core/Src/fsm_manual.c **** }
ARM GAS  C:\Users\KAI\AppData\Local\Temp\ccvnyprE.s 			page 3


  82              		.loc 1 26 1
  83 0040 00BF     		nop
  84 0042 80BD     		pop	{r7, pc}
  85              	.L14:
  86              		.align	2
  87              	.L13:
  88 0044 00000000 		.word	status
  89 0048 00000000 		.word	timer1_flag
  90              		.cfi_endproc
  91              	.LFE65:
  93              		.text
  94              	.Letext0:
  95              		.file 2 "Core/Inc/software_timer.h"
  96              		.file 3 "c:\\st\\stm32cubeide_1.7.0\\stm32cubeide\\plugins\\com.st.stm32cube.ide.mcu.externaltools
  97              		.file 4 "c:\\st\\stm32cubeide_1.7.0\\stm32cubeide\\plugins\\com.st.stm32cube.ide.mcu.externaltools
  98              		.file 5 "Drivers/CMSIS/Include/core_cm3.h"
  99              		.file 6 "Drivers/CMSIS/Device/ST/STM32F1xx/Include/system_stm32f1xx.h"
 100              		.file 7 "Drivers/STM32F1xx_HAL_Driver/Inc/stm32f1xx_hal.h"
 101              		.file 8 "Core/Inc/button.h"
 102              		.file 9 "Core/Inc/global.h"
ARM GAS  C:\Users\KAI\AppData\Local\Temp\ccvnyprE.s 			page 4


DEFINED SYMBOLS
                            *ABS*:0000000000000000 fsm_manual.c
C:\Users\KAI\AppData\Local\Temp\ccvnyprE.s:16     .text.fsm_manual_run:0000000000000000 $t
C:\Users\KAI\AppData\Local\Temp\ccvnyprE.s:24     .text.fsm_manual_run:0000000000000000 fsm_manual_run
C:\Users\KAI\AppData\Local\Temp\ccvnyprE.s:88     .text.fsm_manual_run:0000000000000044 $d
                           .group:0000000000000000 wm4.0.a21ab13f311afe0255bb80aef44f75e6
                           .group:0000000000000000 wm4.stm32f1xx_hal_conf.h.21.98635006afa9a018cfa5e0632ed4968b
                           .group:0000000000000000 wm4.stm32f1xx.h.39.208bb8a61c892b7c37d899c49a031330
                           .group:0000000000000000 wm4.stm32f103x6.h.38.c380e9c6400cf3b45331581c31968951
                           .group:0000000000000000 wm4._newlib_version.h.4.1ef4e12f167f8b69d7c30054be56050d
                           .group:0000000000000000 wm4.features.h.33.318b64d71e0957639cfb30f1db1f7ec8
                           .group:0000000000000000 wm4._default_types.h.15.247e5cd201eca3442cbf5404108c4935
                           .group:0000000000000000 wm4._intsup.h.10.48bafbb683905c4daa4565a85aeeb264
                           .group:0000000000000000 wm4._stdint.h.10.c24fa3af3bc1706662bb5593a907e841
                           .group:0000000000000000 wm4.stdint.h.23.d53047a68f4a85177f80b422d52785ed
                           .group:0000000000000000 wm4.cmsis_version.h.32.4d5822004c01a829a975260e854b5f8e
                           .group:0000000000000000 wm4.core_cm3.h.66.fc46cac19810db8f98d67da7ef88f42c
                           .group:0000000000000000 wm4.cmsis_gcc.h.26.225e4f5469716fdeef823d1102f5b23e
                           .group:0000000000000000 wm4.core_cm3.h.127.f4474120f1a7524deb56f9d74ff175da
                           .group:0000000000000000 wm4.stm32f103x6.h.568.9fd852b5e75beca9bb663a0bce9fae78
                           .group:0000000000000000 wm4.stm32f1xx.h.162.96b09079a093c34dbd7f0b85cbd0ddee
                           .group:0000000000000000 wm4.stm32_hal_legacy.h.23.91ba5b544a4c2be2620a1e7ff0049e10
                           .group:0000000000000000 wm4.stddef.h.39.144cf5ddcd53cbfdac30259dc1a6c87f
                           .group:0000000000000000 wm4.stm32f1xx_hal_def.h.57.18d01ce1aa74e9fb44dbf16f821a574a
                           .group:0000000000000000 wm4.stm32f1xx_hal_rcc.h.95.21591bbc513aaa813c0b8640c3b32517
                           .group:0000000000000000 wm4.stm32f1xx_hal_rcc_ex.h.22.3a0b7e8041b3028f6cff6afd78fd4b60
                           .group:0000000000000000 wm4.stm32f1xx_hal_rcc.h.1202.f8e5f9e0cf4eef7840facf5396029056
                           .group:0000000000000000 wm4.stm32f1xx_hal_gpio.h.22.fa638d688dcc57ca806fe6a7831b0d04
                           .group:0000000000000000 wm4.stm32f1xx_hal_gpio_ex.h.22.617211ec6e7b3eddc2f02f2368733652
                           .group:0000000000000000 wm4.stm32f1xx_hal_gpio.h.263.f5ebf2f545ade59412ab9261c8e35dc4
                           .group:0000000000000000 wm4.stm32f1xx_hal_exti.h.22.dc59ac364fa012cb16d8761e7084fd2f
                           .group:0000000000000000 wm4.stm32f1xx_hal_dma.h.22.3c14338534886827bf3aeaa2a7f412a1
                           .group:0000000000000000 wm4.stm32f1xx_hal_dma_ex.h.22.001ac4d7f81ccbdcae49bd65c13858c8
                           .group:0000000000000000 wm4.stm32f1xx_hal_dma.h.409.cafcd2cfe701091535636be537c18293
                           .group:0000000000000000 wm4.stm32f1xx_hal_cortex.h.22.b5f4174bb6a50d95405567b8f50e0900
                           .group:0000000000000000 wm4.stm32f1xx_hal_flash.h.22.5cea9a7210e6315b41724b47b5fdf203
                           .group:0000000000000000 wm4.stm32f1xx_hal_flash_ex.h.22.de0d1acc862cc89e7d650af43a77624f
                           .group:0000000000000000 wm4.stm32f1xx_hal_pwr.h.22.3438c476faafc3240bf146f143df3fcd
                           .group:0000000000000000 wm4.stm32f1xx_hal_tim.h.22.a16e206564e97dbace9faae59a0d6008
                           .group:0000000000000000 wm4.stm32f1xx_hal_uart.h.22.5f7992e497faa36aa98f09f7214f4dbb
                           .group:0000000000000000 wm4.stm32f1xx_hal.h.88.b8fc6489a2f01723e8d9e391c1072aa4
                           .group:0000000000000000 wm4.main.h.61.74d1da09ab2b5e68d645d6eba4bce708
                           .group:0000000000000000 wm4.button.h.13.05acf9da876b1f6b3b074679a1d14a8a
                           .group:0000000000000000 wm4.global.h.14.906fb00adb81f4d68e9f5708d5ec470c

UNDEFINED SYMBOLS
setTimer1
status
timer1_flag
