ARM GAS  C:\Users\KAI\AppData\Local\Temp\ccodE6f3.s 			page 1


   1              		.cpu cortex-m3
   2              		.eabi_attribute 20, 1
   3              		.eabi_attribute 21, 1
   4              		.eabi_attribute 23, 3
   5              		.eabi_attribute 24, 1
   6              		.eabi_attribute 25, 1
   7              		.eabi_attribute 26, 1
   8              		.eabi_attribute 30, 6
   9              		.eabi_attribute 34, 1
  10              		.eabi_attribute 18, 4
  11              		.file	"stm32f1xx_hal_msp.c"
  12              		.text
  13              	.Ltext0:
  14              		.cfi_sections	.debug_frame
  15              		.section	.text.HAL_MspInit,"ax",%progbits
  16              		.align	1
  17              		.global	HAL_MspInit
  18              		.arch armv7-m
  19              		.syntax unified
  20              		.thumb
  21              		.thumb_func
  22              		.fpu softvfp
  24              	HAL_MspInit:
  25              	.LFB65:
  26              		.file 1 "./Core/Src/stm32f1xx_hal_msp.c"
   1:./Core/Src/stm32f1xx_hal_msp.c **** /* USER CODE BEGIN Header */
   2:./Core/Src/stm32f1xx_hal_msp.c **** /**
   3:./Core/Src/stm32f1xx_hal_msp.c ****   ******************************************************************************
   4:./Core/Src/stm32f1xx_hal_msp.c ****   * @file         stm32f1xx_hal_msp.c
   5:./Core/Src/stm32f1xx_hal_msp.c ****   * @brief        This file provides code for the MSP Initialization
   6:./Core/Src/stm32f1xx_hal_msp.c ****   *               and de-Initialization codes.
   7:./Core/Src/stm32f1xx_hal_msp.c ****   ******************************************************************************
   8:./Core/Src/stm32f1xx_hal_msp.c ****   * @attention
   9:./Core/Src/stm32f1xx_hal_msp.c ****   *
  10:./Core/Src/stm32f1xx_hal_msp.c ****   * <h2><center>&copy; Copyright (c) 2022 STMicroelectronics.
  11:./Core/Src/stm32f1xx_hal_msp.c ****   * All rights reserved.</center></h2>
  12:./Core/Src/stm32f1xx_hal_msp.c ****   *
  13:./Core/Src/stm32f1xx_hal_msp.c ****   * This software component is licensed by ST under BSD 3-Clause license,
  14:./Core/Src/stm32f1xx_hal_msp.c ****   * the "License"; You may not use this file except in compliance with the
  15:./Core/Src/stm32f1xx_hal_msp.c ****   * License. You may obtain a copy of the License at:
  16:./Core/Src/stm32f1xx_hal_msp.c ****   *                        opensource.org/licenses/BSD-3-Clause
  17:./Core/Src/stm32f1xx_hal_msp.c ****   *
  18:./Core/Src/stm32f1xx_hal_msp.c ****   ******************************************************************************
  19:./Core/Src/stm32f1xx_hal_msp.c ****   */
  20:./Core/Src/stm32f1xx_hal_msp.c **** /* USER CODE END Header */
  21:./Core/Src/stm32f1xx_hal_msp.c **** 
  22:./Core/Src/stm32f1xx_hal_msp.c **** /* Includes ------------------------------------------------------------------*/
  23:./Core/Src/stm32f1xx_hal_msp.c **** #include "main.h"
  24:./Core/Src/stm32f1xx_hal_msp.c **** /* USER CODE BEGIN Includes */
  25:./Core/Src/stm32f1xx_hal_msp.c **** 
  26:./Core/Src/stm32f1xx_hal_msp.c **** /* USER CODE END Includes */
  27:./Core/Src/stm32f1xx_hal_msp.c **** 
  28:./Core/Src/stm32f1xx_hal_msp.c **** /* Private typedef -----------------------------------------------------------*/
  29:./Core/Src/stm32f1xx_hal_msp.c **** /* USER CODE BEGIN TD */
  30:./Core/Src/stm32f1xx_hal_msp.c **** 
  31:./Core/Src/stm32f1xx_hal_msp.c **** /* USER CODE END TD */
  32:./Core/Src/stm32f1xx_hal_msp.c **** 
ARM GAS  C:\Users\KAI\AppData\Local\Temp\ccodE6f3.s 			page 2


  33:./Core/Src/stm32f1xx_hal_msp.c **** /* Private define ------------------------------------------------------------*/
  34:./Core/Src/stm32f1xx_hal_msp.c **** /* USER CODE BEGIN Define */
  35:./Core/Src/stm32f1xx_hal_msp.c **** 
  36:./Core/Src/stm32f1xx_hal_msp.c **** /* USER CODE END Define */
  37:./Core/Src/stm32f1xx_hal_msp.c **** 
  38:./Core/Src/stm32f1xx_hal_msp.c **** /* Private macro -------------------------------------------------------------*/
  39:./Core/Src/stm32f1xx_hal_msp.c **** /* USER CODE BEGIN Macro */
  40:./Core/Src/stm32f1xx_hal_msp.c **** 
  41:./Core/Src/stm32f1xx_hal_msp.c **** /* USER CODE END Macro */
  42:./Core/Src/stm32f1xx_hal_msp.c **** 
  43:./Core/Src/stm32f1xx_hal_msp.c **** /* Private variables ---------------------------------------------------------*/
  44:./Core/Src/stm32f1xx_hal_msp.c **** /* USER CODE BEGIN PV */
  45:./Core/Src/stm32f1xx_hal_msp.c **** 
  46:./Core/Src/stm32f1xx_hal_msp.c **** /* USER CODE END PV */
  47:./Core/Src/stm32f1xx_hal_msp.c **** 
  48:./Core/Src/stm32f1xx_hal_msp.c **** /* Private function prototypes -----------------------------------------------*/
  49:./Core/Src/stm32f1xx_hal_msp.c **** /* USER CODE BEGIN PFP */
  50:./Core/Src/stm32f1xx_hal_msp.c **** 
  51:./Core/Src/stm32f1xx_hal_msp.c **** /* USER CODE END PFP */
  52:./Core/Src/stm32f1xx_hal_msp.c **** 
  53:./Core/Src/stm32f1xx_hal_msp.c **** /* External functions --------------------------------------------------------*/
  54:./Core/Src/stm32f1xx_hal_msp.c **** /* USER CODE BEGIN ExternalFunctions */
  55:./Core/Src/stm32f1xx_hal_msp.c **** 
  56:./Core/Src/stm32f1xx_hal_msp.c **** /* USER CODE END ExternalFunctions */
  57:./Core/Src/stm32f1xx_hal_msp.c **** 
  58:./Core/Src/stm32f1xx_hal_msp.c **** /* USER CODE BEGIN 0 */
  59:./Core/Src/stm32f1xx_hal_msp.c **** 
  60:./Core/Src/stm32f1xx_hal_msp.c **** /* USER CODE END 0 */
  61:./Core/Src/stm32f1xx_hal_msp.c **** /**
  62:./Core/Src/stm32f1xx_hal_msp.c ****   * Initializes the Global MSP.
  63:./Core/Src/stm32f1xx_hal_msp.c ****   */
  64:./Core/Src/stm32f1xx_hal_msp.c **** void HAL_MspInit(void)
  65:./Core/Src/stm32f1xx_hal_msp.c **** {
  27              		.loc 1 65 1
  28              		.cfi_startproc
  29              		@ args = 0, pretend = 0, frame = 16
  30              		@ frame_needed = 1, uses_anonymous_args = 0
  31              		@ link register save eliminated.
  32 0000 80B4     		push	{r7}
  33              		.cfi_def_cfa_offset 4
  34              		.cfi_offset 7, -4
  35 0002 85B0     		sub	sp, sp, #20
  36              		.cfi_def_cfa_offset 24
  37 0004 00AF     		add	r7, sp, #0
  38              		.cfi_def_cfa_register 7
  39              	.LBB2:
  66:./Core/Src/stm32f1xx_hal_msp.c ****   /* USER CODE BEGIN MspInit 0 */
  67:./Core/Src/stm32f1xx_hal_msp.c **** 
  68:./Core/Src/stm32f1xx_hal_msp.c ****   /* USER CODE END MspInit 0 */
  69:./Core/Src/stm32f1xx_hal_msp.c **** 
  70:./Core/Src/stm32f1xx_hal_msp.c ****   __HAL_RCC_AFIO_CLK_ENABLE();
  40              		.loc 1 70 3
  41 0006 154B     		ldr	r3, .L2
  42 0008 9B69     		ldr	r3, [r3, #24]
  43 000a 144A     		ldr	r2, .L2
  44 000c 43F00103 		orr	r3, r3, #1
  45 0010 9361     		str	r3, [r2, #24]
ARM GAS  C:\Users\KAI\AppData\Local\Temp\ccodE6f3.s 			page 3


  46 0012 124B     		ldr	r3, .L2
  47 0014 9B69     		ldr	r3, [r3, #24]
  48 0016 03F00103 		and	r3, r3, #1
  49 001a BB60     		str	r3, [r7, #8]
  50 001c BB68     		ldr	r3, [r7, #8]
  51              	.LBE2:
  52              	.LBB3:
  71:./Core/Src/stm32f1xx_hal_msp.c ****   __HAL_RCC_PWR_CLK_ENABLE();
  53              		.loc 1 71 3
  54 001e 0F4B     		ldr	r3, .L2
  55 0020 DB69     		ldr	r3, [r3, #28]
  56 0022 0E4A     		ldr	r2, .L2
  57 0024 43F08053 		orr	r3, r3, #268435456
  58 0028 D361     		str	r3, [r2, #28]
  59 002a 0C4B     		ldr	r3, .L2
  60 002c DB69     		ldr	r3, [r3, #28]
  61 002e 03F08053 		and	r3, r3, #268435456
  62 0032 7B60     		str	r3, [r7, #4]
  63 0034 7B68     		ldr	r3, [r7, #4]
  64              	.LBE3:
  65              	.LBB4:
  72:./Core/Src/stm32f1xx_hal_msp.c **** 
  73:./Core/Src/stm32f1xx_hal_msp.c ****   /* System interrupt init*/
  74:./Core/Src/stm32f1xx_hal_msp.c **** 
  75:./Core/Src/stm32f1xx_hal_msp.c ****   /** DISABLE: JTAG-DP Disabled and SW-DP Disabled
  76:./Core/Src/stm32f1xx_hal_msp.c ****   */
  77:./Core/Src/stm32f1xx_hal_msp.c ****   __HAL_AFIO_REMAP_SWJ_DISABLE();
  66              		.loc 1 77 3
  67 0036 0A4B     		ldr	r3, .L2+4
  68 0038 5B68     		ldr	r3, [r3, #4]
  69 003a FB60     		str	r3, [r7, #12]
  70 003c FB68     		ldr	r3, [r7, #12]
  71 003e 23F0E063 		bic	r3, r3, #117440512
  72 0042 FB60     		str	r3, [r7, #12]
  73 0044 FB68     		ldr	r3, [r7, #12]
  74 0046 43F08063 		orr	r3, r3, #67108864
  75 004a FB60     		str	r3, [r7, #12]
  76 004c 044A     		ldr	r2, .L2+4
  77 004e FB68     		ldr	r3, [r7, #12]
  78 0050 5360     		str	r3, [r2, #4]
  79              	.LBE4:
  78:./Core/Src/stm32f1xx_hal_msp.c **** 
  79:./Core/Src/stm32f1xx_hal_msp.c ****   /* USER CODE BEGIN MspInit 1 */
  80:./Core/Src/stm32f1xx_hal_msp.c **** 
  81:./Core/Src/stm32f1xx_hal_msp.c ****   /* USER CODE END MspInit 1 */
  82:./Core/Src/stm32f1xx_hal_msp.c **** }
  80              		.loc 1 82 1
  81 0052 00BF     		nop
  82 0054 1437     		adds	r7, r7, #20
  83              		.cfi_def_cfa_offset 4
  84 0056 BD46     		mov	sp, r7
  85              		.cfi_def_cfa_register 13
  86              		@ sp needed
  87 0058 80BC     		pop	{r7}
  88              		.cfi_restore 7
  89              		.cfi_def_cfa_offset 0
  90 005a 7047     		bx	lr
ARM GAS  C:\Users\KAI\AppData\Local\Temp\ccodE6f3.s 			page 4


  91              	.L3:
  92              		.align	2
  93              	.L2:
  94 005c 00100240 		.word	1073876992
  95 0060 00000140 		.word	1073807360
  96              		.cfi_endproc
  97              	.LFE65:
  99              		.section	.text.HAL_TIM_Base_MspInit,"ax",%progbits
 100              		.align	1
 101              		.global	HAL_TIM_Base_MspInit
 102              		.syntax unified
 103              		.thumb
 104              		.thumb_func
 105              		.fpu softvfp
 107              	HAL_TIM_Base_MspInit:
 108              	.LFB66:
  83:./Core/Src/stm32f1xx_hal_msp.c **** 
  84:./Core/Src/stm32f1xx_hal_msp.c **** /**
  85:./Core/Src/stm32f1xx_hal_msp.c **** * @brief TIM_Base MSP Initialization
  86:./Core/Src/stm32f1xx_hal_msp.c **** * This function configures the hardware resources used in this example
  87:./Core/Src/stm32f1xx_hal_msp.c **** * @param htim_base: TIM_Base handle pointer
  88:./Core/Src/stm32f1xx_hal_msp.c **** * @retval None
  89:./Core/Src/stm32f1xx_hal_msp.c **** */
  90:./Core/Src/stm32f1xx_hal_msp.c **** void HAL_TIM_Base_MspInit(TIM_HandleTypeDef* htim_base)
  91:./Core/Src/stm32f1xx_hal_msp.c **** {
 109              		.loc 1 91 1
 110              		.cfi_startproc
 111              		@ args = 0, pretend = 0, frame = 16
 112              		@ frame_needed = 1, uses_anonymous_args = 0
 113 0000 80B5     		push	{r7, lr}
 114              		.cfi_def_cfa_offset 8
 115              		.cfi_offset 7, -8
 116              		.cfi_offset 14, -4
 117 0002 84B0     		sub	sp, sp, #16
 118              		.cfi_def_cfa_offset 24
 119 0004 00AF     		add	r7, sp, #0
 120              		.cfi_def_cfa_register 7
 121 0006 7860     		str	r0, [r7, #4]
  92:./Core/Src/stm32f1xx_hal_msp.c ****   if(htim_base->Instance==TIM2)
 122              		.loc 1 92 15
 123 0008 7B68     		ldr	r3, [r7, #4]
 124 000a 1B68     		ldr	r3, [r3]
 125              		.loc 1 92 5
 126 000c B3F1804F 		cmp	r3, #1073741824
 127 0010 13D1     		bne	.L6
 128              	.LBB5:
  93:./Core/Src/stm32f1xx_hal_msp.c ****   {
  94:./Core/Src/stm32f1xx_hal_msp.c ****   /* USER CODE BEGIN TIM2_MspInit 0 */
  95:./Core/Src/stm32f1xx_hal_msp.c **** 
  96:./Core/Src/stm32f1xx_hal_msp.c ****   /* USER CODE END TIM2_MspInit 0 */
  97:./Core/Src/stm32f1xx_hal_msp.c ****     /* Peripheral clock enable */
  98:./Core/Src/stm32f1xx_hal_msp.c ****     __HAL_RCC_TIM2_CLK_ENABLE();
 129              		.loc 1 98 5
 130 0012 0C4B     		ldr	r3, .L7
 131 0014 DB69     		ldr	r3, [r3, #28]
 132 0016 0B4A     		ldr	r2, .L7
 133 0018 43F00103 		orr	r3, r3, #1
ARM GAS  C:\Users\KAI\AppData\Local\Temp\ccodE6f3.s 			page 5


 134 001c D361     		str	r3, [r2, #28]
 135 001e 094B     		ldr	r3, .L7
 136 0020 DB69     		ldr	r3, [r3, #28]
 137 0022 03F00103 		and	r3, r3, #1
 138 0026 FB60     		str	r3, [r7, #12]
 139 0028 FB68     		ldr	r3, [r7, #12]
 140              	.LBE5:
  99:./Core/Src/stm32f1xx_hal_msp.c ****     /* TIM2 interrupt Init */
 100:./Core/Src/stm32f1xx_hal_msp.c ****     HAL_NVIC_SetPriority(TIM2_IRQn, 0, 0);
 141              		.loc 1 100 5
 142 002a 0022     		movs	r2, #0
 143 002c 0021     		movs	r1, #0
 144 002e 1C20     		movs	r0, #28
 145 0030 FFF7FEFF 		bl	HAL_NVIC_SetPriority
 101:./Core/Src/stm32f1xx_hal_msp.c ****     HAL_NVIC_EnableIRQ(TIM2_IRQn);
 146              		.loc 1 101 5
 147 0034 1C20     		movs	r0, #28
 148 0036 FFF7FEFF 		bl	HAL_NVIC_EnableIRQ
 149              	.L6:
 102:./Core/Src/stm32f1xx_hal_msp.c ****   /* USER CODE BEGIN TIM2_MspInit 1 */
 103:./Core/Src/stm32f1xx_hal_msp.c **** 
 104:./Core/Src/stm32f1xx_hal_msp.c ****   /* USER CODE END TIM2_MspInit 1 */
 105:./Core/Src/stm32f1xx_hal_msp.c ****   }
 106:./Core/Src/stm32f1xx_hal_msp.c **** 
 107:./Core/Src/stm32f1xx_hal_msp.c **** }
 150              		.loc 1 107 1
 151 003a 00BF     		nop
 152 003c 1037     		adds	r7, r7, #16
 153              		.cfi_def_cfa_offset 8
 154 003e BD46     		mov	sp, r7
 155              		.cfi_def_cfa_register 13
 156              		@ sp needed
 157 0040 80BD     		pop	{r7, pc}
 158              	.L8:
 159 0042 00BF     		.align	2
 160              	.L7:
 161 0044 00100240 		.word	1073876992
 162              		.cfi_endproc
 163              	.LFE66:
 165              		.section	.text.HAL_TIM_Base_MspDeInit,"ax",%progbits
 166              		.align	1
 167              		.global	HAL_TIM_Base_MspDeInit
 168              		.syntax unified
 169              		.thumb
 170              		.thumb_func
 171              		.fpu softvfp
 173              	HAL_TIM_Base_MspDeInit:
 174              	.LFB67:
 108:./Core/Src/stm32f1xx_hal_msp.c **** 
 109:./Core/Src/stm32f1xx_hal_msp.c **** /**
 110:./Core/Src/stm32f1xx_hal_msp.c **** * @brief TIM_Base MSP De-Initialization
 111:./Core/Src/stm32f1xx_hal_msp.c **** * This function freeze the hardware resources used in this example
 112:./Core/Src/stm32f1xx_hal_msp.c **** * @param htim_base: TIM_Base handle pointer
 113:./Core/Src/stm32f1xx_hal_msp.c **** * @retval None
 114:./Core/Src/stm32f1xx_hal_msp.c **** */
 115:./Core/Src/stm32f1xx_hal_msp.c **** void HAL_TIM_Base_MspDeInit(TIM_HandleTypeDef* htim_base)
 116:./Core/Src/stm32f1xx_hal_msp.c **** {
ARM GAS  C:\Users\KAI\AppData\Local\Temp\ccodE6f3.s 			page 6


 175              		.loc 1 116 1
 176              		.cfi_startproc
 177              		@ args = 0, pretend = 0, frame = 8
 178              		@ frame_needed = 1, uses_anonymous_args = 0
 179 0000 80B5     		push	{r7, lr}
 180              		.cfi_def_cfa_offset 8
 181              		.cfi_offset 7, -8
 182              		.cfi_offset 14, -4
 183 0002 82B0     		sub	sp, sp, #8
 184              		.cfi_def_cfa_offset 16
 185 0004 00AF     		add	r7, sp, #0
 186              		.cfi_def_cfa_register 7
 187 0006 7860     		str	r0, [r7, #4]
 117:./Core/Src/stm32f1xx_hal_msp.c ****   if(htim_base->Instance==TIM2)
 188              		.loc 1 117 15
 189 0008 7B68     		ldr	r3, [r7, #4]
 190 000a 1B68     		ldr	r3, [r3]
 191              		.loc 1 117 5
 192 000c B3F1804F 		cmp	r3, #1073741824
 193 0010 08D1     		bne	.L11
 118:./Core/Src/stm32f1xx_hal_msp.c ****   {
 119:./Core/Src/stm32f1xx_hal_msp.c ****   /* USER CODE BEGIN TIM2_MspDeInit 0 */
 120:./Core/Src/stm32f1xx_hal_msp.c **** 
 121:./Core/Src/stm32f1xx_hal_msp.c ****   /* USER CODE END TIM2_MspDeInit 0 */
 122:./Core/Src/stm32f1xx_hal_msp.c ****     /* Peripheral clock disable */
 123:./Core/Src/stm32f1xx_hal_msp.c ****     __HAL_RCC_TIM2_CLK_DISABLE();
 194              		.loc 1 123 5
 195 0012 064B     		ldr	r3, .L12
 196 0014 DB69     		ldr	r3, [r3, #28]
 197 0016 054A     		ldr	r2, .L12
 198 0018 23F00103 		bic	r3, r3, #1
 199 001c D361     		str	r3, [r2, #28]
 124:./Core/Src/stm32f1xx_hal_msp.c **** 
 125:./Core/Src/stm32f1xx_hal_msp.c ****     /* TIM2 interrupt DeInit */
 126:./Core/Src/stm32f1xx_hal_msp.c ****     HAL_NVIC_DisableIRQ(TIM2_IRQn);
 200              		.loc 1 126 5
 201 001e 1C20     		movs	r0, #28
 202 0020 FFF7FEFF 		bl	HAL_NVIC_DisableIRQ
 203              	.L11:
 127:./Core/Src/stm32f1xx_hal_msp.c ****   /* USER CODE BEGIN TIM2_MspDeInit 1 */
 128:./Core/Src/stm32f1xx_hal_msp.c **** 
 129:./Core/Src/stm32f1xx_hal_msp.c ****   /* USER CODE END TIM2_MspDeInit 1 */
 130:./Core/Src/stm32f1xx_hal_msp.c ****   }
 131:./Core/Src/stm32f1xx_hal_msp.c **** 
 132:./Core/Src/stm32f1xx_hal_msp.c **** }
 204              		.loc 1 132 1
 205 0024 00BF     		nop
 206 0026 0837     		adds	r7, r7, #8
 207              		.cfi_def_cfa_offset 8
 208 0028 BD46     		mov	sp, r7
 209              		.cfi_def_cfa_register 13
 210              		@ sp needed
 211 002a 80BD     		pop	{r7, pc}
 212              	.L13:
 213              		.align	2
 214              	.L12:
 215 002c 00100240 		.word	1073876992
ARM GAS  C:\Users\KAI\AppData\Local\Temp\ccodE6f3.s 			page 7


 216              		.cfi_endproc
 217              	.LFE67:
 219              		.section	.text.HAL_UART_MspInit,"ax",%progbits
 220              		.align	1
 221              		.global	HAL_UART_MspInit
 222              		.syntax unified
 223              		.thumb
 224              		.thumb_func
 225              		.fpu softvfp
 227              	HAL_UART_MspInit:
 228              	.LFB68:
 133:./Core/Src/stm32f1xx_hal_msp.c **** 
 134:./Core/Src/stm32f1xx_hal_msp.c **** /**
 135:./Core/Src/stm32f1xx_hal_msp.c **** * @brief UART MSP Initialization
 136:./Core/Src/stm32f1xx_hal_msp.c **** * This function configures the hardware resources used in this example
 137:./Core/Src/stm32f1xx_hal_msp.c **** * @param huart: UART handle pointer
 138:./Core/Src/stm32f1xx_hal_msp.c **** * @retval None
 139:./Core/Src/stm32f1xx_hal_msp.c **** */
 140:./Core/Src/stm32f1xx_hal_msp.c **** void HAL_UART_MspInit(UART_HandleTypeDef* huart)
 141:./Core/Src/stm32f1xx_hal_msp.c **** {
 229              		.loc 1 141 1
 230              		.cfi_startproc
 231              		@ args = 0, pretend = 0, frame = 32
 232              		@ frame_needed = 1, uses_anonymous_args = 0
 233 0000 80B5     		push	{r7, lr}
 234              		.cfi_def_cfa_offset 8
 235              		.cfi_offset 7, -8
 236              		.cfi_offset 14, -4
 237 0002 88B0     		sub	sp, sp, #32
 238              		.cfi_def_cfa_offset 40
 239 0004 00AF     		add	r7, sp, #0
 240              		.cfi_def_cfa_register 7
 241 0006 7860     		str	r0, [r7, #4]
 142:./Core/Src/stm32f1xx_hal_msp.c ****   GPIO_InitTypeDef GPIO_InitStruct = {0};
 242              		.loc 1 142 20
 243 0008 07F11003 		add	r3, r7, #16
 244 000c 0022     		movs	r2, #0
 245 000e 1A60     		str	r2, [r3]
 246 0010 5A60     		str	r2, [r3, #4]
 247 0012 9A60     		str	r2, [r3, #8]
 248 0014 DA60     		str	r2, [r3, #12]
 143:./Core/Src/stm32f1xx_hal_msp.c ****   if(huart->Instance==USART2)
 249              		.loc 1 143 11
 250 0016 7B68     		ldr	r3, [r7, #4]
 251 0018 1B68     		ldr	r3, [r3]
 252              		.loc 1 143 5
 253 001a 1F4A     		ldr	r2, .L17
 254 001c 9342     		cmp	r3, r2
 255 001e 37D1     		bne	.L16
 256              	.LBB6:
 144:./Core/Src/stm32f1xx_hal_msp.c ****   {
 145:./Core/Src/stm32f1xx_hal_msp.c ****   /* USER CODE BEGIN USART2_MspInit 0 */
 146:./Core/Src/stm32f1xx_hal_msp.c **** 
 147:./Core/Src/stm32f1xx_hal_msp.c ****   /* USER CODE END USART2_MspInit 0 */
 148:./Core/Src/stm32f1xx_hal_msp.c ****     /* Peripheral clock enable */
 149:./Core/Src/stm32f1xx_hal_msp.c ****     __HAL_RCC_USART2_CLK_ENABLE();
 257              		.loc 1 149 5
ARM GAS  C:\Users\KAI\AppData\Local\Temp\ccodE6f3.s 			page 8


 258 0020 1E4B     		ldr	r3, .L17+4
 259 0022 DB69     		ldr	r3, [r3, #28]
 260 0024 1D4A     		ldr	r2, .L17+4
 261 0026 43F40033 		orr	r3, r3, #131072
 262 002a D361     		str	r3, [r2, #28]
 263 002c 1B4B     		ldr	r3, .L17+4
 264 002e DB69     		ldr	r3, [r3, #28]
 265 0030 03F40033 		and	r3, r3, #131072
 266 0034 FB60     		str	r3, [r7, #12]
 267 0036 FB68     		ldr	r3, [r7, #12]
 268              	.LBE6:
 269              	.LBB7:
 150:./Core/Src/stm32f1xx_hal_msp.c **** 
 151:./Core/Src/stm32f1xx_hal_msp.c ****     __HAL_RCC_GPIOA_CLK_ENABLE();
 270              		.loc 1 151 5
 271 0038 184B     		ldr	r3, .L17+4
 272 003a 9B69     		ldr	r3, [r3, #24]
 273 003c 174A     		ldr	r2, .L17+4
 274 003e 43F00403 		orr	r3, r3, #4
 275 0042 9361     		str	r3, [r2, #24]
 276 0044 154B     		ldr	r3, .L17+4
 277 0046 9B69     		ldr	r3, [r3, #24]
 278 0048 03F00403 		and	r3, r3, #4
 279 004c BB60     		str	r3, [r7, #8]
 280 004e BB68     		ldr	r3, [r7, #8]
 281              	.LBE7:
 152:./Core/Src/stm32f1xx_hal_msp.c ****     /**USART2 GPIO Configuration
 153:./Core/Src/stm32f1xx_hal_msp.c ****     PA2     ------> USART2_TX
 154:./Core/Src/stm32f1xx_hal_msp.c ****     PA3     ------> USART2_RX
 155:./Core/Src/stm32f1xx_hal_msp.c ****     */
 156:./Core/Src/stm32f1xx_hal_msp.c ****     GPIO_InitStruct.Pin = GPIO_PIN_2;
 282              		.loc 1 156 25
 283 0050 0423     		movs	r3, #4
 284 0052 3B61     		str	r3, [r7, #16]
 157:./Core/Src/stm32f1xx_hal_msp.c ****     GPIO_InitStruct.Mode = GPIO_MODE_AF_PP;
 285              		.loc 1 157 26
 286 0054 0223     		movs	r3, #2
 287 0056 7B61     		str	r3, [r7, #20]
 158:./Core/Src/stm32f1xx_hal_msp.c ****     GPIO_InitStruct.Speed = GPIO_SPEED_FREQ_HIGH;
 288              		.loc 1 158 27
 289 0058 0323     		movs	r3, #3
 290 005a FB61     		str	r3, [r7, #28]
 159:./Core/Src/stm32f1xx_hal_msp.c ****     HAL_GPIO_Init(GPIOA, &GPIO_InitStruct);
 291              		.loc 1 159 5
 292 005c 07F11003 		add	r3, r7, #16
 293 0060 1946     		mov	r1, r3
 294 0062 0F48     		ldr	r0, .L17+8
 295 0064 FFF7FEFF 		bl	HAL_GPIO_Init
 160:./Core/Src/stm32f1xx_hal_msp.c **** 
 161:./Core/Src/stm32f1xx_hal_msp.c ****     GPIO_InitStruct.Pin = GPIO_PIN_3;
 296              		.loc 1 161 25
 297 0068 0823     		movs	r3, #8
 298 006a 3B61     		str	r3, [r7, #16]
 162:./Core/Src/stm32f1xx_hal_msp.c ****     GPIO_InitStruct.Mode = GPIO_MODE_INPUT;
 299              		.loc 1 162 26
 300 006c 0023     		movs	r3, #0
 301 006e 7B61     		str	r3, [r7, #20]
ARM GAS  C:\Users\KAI\AppData\Local\Temp\ccodE6f3.s 			page 9


 163:./Core/Src/stm32f1xx_hal_msp.c ****     GPIO_InitStruct.Pull = GPIO_NOPULL;
 302              		.loc 1 163 26
 303 0070 0023     		movs	r3, #0
 304 0072 BB61     		str	r3, [r7, #24]
 164:./Core/Src/stm32f1xx_hal_msp.c ****     HAL_GPIO_Init(GPIOA, &GPIO_InitStruct);
 305              		.loc 1 164 5
 306 0074 07F11003 		add	r3, r7, #16
 307 0078 1946     		mov	r1, r3
 308 007a 0948     		ldr	r0, .L17+8
 309 007c FFF7FEFF 		bl	HAL_GPIO_Init
 165:./Core/Src/stm32f1xx_hal_msp.c **** 
 166:./Core/Src/stm32f1xx_hal_msp.c ****     /* USART2 interrupt Init */
 167:./Core/Src/stm32f1xx_hal_msp.c ****     HAL_NVIC_SetPriority(USART2_IRQn, 0, 0);
 310              		.loc 1 167 5
 311 0080 0022     		movs	r2, #0
 312 0082 0021     		movs	r1, #0
 313 0084 2620     		movs	r0, #38
 314 0086 FFF7FEFF 		bl	HAL_NVIC_SetPriority
 168:./Core/Src/stm32f1xx_hal_msp.c ****     HAL_NVIC_EnableIRQ(USART2_IRQn);
 315              		.loc 1 168 5
 316 008a 2620     		movs	r0, #38
 317 008c FFF7FEFF 		bl	HAL_NVIC_EnableIRQ
 318              	.L16:
 169:./Core/Src/stm32f1xx_hal_msp.c ****   /* USER CODE BEGIN USART2_MspInit 1 */
 170:./Core/Src/stm32f1xx_hal_msp.c **** 
 171:./Core/Src/stm32f1xx_hal_msp.c ****   /* USER CODE END USART2_MspInit 1 */
 172:./Core/Src/stm32f1xx_hal_msp.c ****   }
 173:./Core/Src/stm32f1xx_hal_msp.c **** 
 174:./Core/Src/stm32f1xx_hal_msp.c **** }
 319              		.loc 1 174 1
 320 0090 00BF     		nop
 321 0092 2037     		adds	r7, r7, #32
 322              		.cfi_def_cfa_offset 8
 323 0094 BD46     		mov	sp, r7
 324              		.cfi_def_cfa_register 13
 325              		@ sp needed
 326 0096 80BD     		pop	{r7, pc}
 327              	.L18:
 328              		.align	2
 329              	.L17:
 330 0098 00440040 		.word	1073759232
 331 009c 00100240 		.word	1073876992
 332 00a0 00080140 		.word	1073809408
 333              		.cfi_endproc
 334              	.LFE68:
 336              		.section	.text.HAL_UART_MspDeInit,"ax",%progbits
 337              		.align	1
 338              		.global	HAL_UART_MspDeInit
 339              		.syntax unified
 340              		.thumb
 341              		.thumb_func
 342              		.fpu softvfp
 344              	HAL_UART_MspDeInit:
 345              	.LFB69:
 175:./Core/Src/stm32f1xx_hal_msp.c **** 
 176:./Core/Src/stm32f1xx_hal_msp.c **** /**
 177:./Core/Src/stm32f1xx_hal_msp.c **** * @brief UART MSP De-Initialization
ARM GAS  C:\Users\KAI\AppData\Local\Temp\ccodE6f3.s 			page 10


 178:./Core/Src/stm32f1xx_hal_msp.c **** * This function freeze the hardware resources used in this example
 179:./Core/Src/stm32f1xx_hal_msp.c **** * @param huart: UART handle pointer
 180:./Core/Src/stm32f1xx_hal_msp.c **** * @retval None
 181:./Core/Src/stm32f1xx_hal_msp.c **** */
 182:./Core/Src/stm32f1xx_hal_msp.c **** void HAL_UART_MspDeInit(UART_HandleTypeDef* huart)
 183:./Core/Src/stm32f1xx_hal_msp.c **** {
 346              		.loc 1 183 1
 347              		.cfi_startproc
 348              		@ args = 0, pretend = 0, frame = 8
 349              		@ frame_needed = 1, uses_anonymous_args = 0
 350 0000 80B5     		push	{r7, lr}
 351              		.cfi_def_cfa_offset 8
 352              		.cfi_offset 7, -8
 353              		.cfi_offset 14, -4
 354 0002 82B0     		sub	sp, sp, #8
 355              		.cfi_def_cfa_offset 16
 356 0004 00AF     		add	r7, sp, #0
 357              		.cfi_def_cfa_register 7
 358 0006 7860     		str	r0, [r7, #4]
 184:./Core/Src/stm32f1xx_hal_msp.c ****   if(huart->Instance==USART2)
 359              		.loc 1 184 11
 360 0008 7B68     		ldr	r3, [r7, #4]
 361 000a 1B68     		ldr	r3, [r3]
 362              		.loc 1 184 5
 363 000c 094A     		ldr	r2, .L22
 364 000e 9342     		cmp	r3, r2
 365 0010 0CD1     		bne	.L21
 185:./Core/Src/stm32f1xx_hal_msp.c ****   {
 186:./Core/Src/stm32f1xx_hal_msp.c ****   /* USER CODE BEGIN USART2_MspDeInit 0 */
 187:./Core/Src/stm32f1xx_hal_msp.c **** 
 188:./Core/Src/stm32f1xx_hal_msp.c ****   /* USER CODE END USART2_MspDeInit 0 */
 189:./Core/Src/stm32f1xx_hal_msp.c ****     /* Peripheral clock disable */
 190:./Core/Src/stm32f1xx_hal_msp.c ****     __HAL_RCC_USART2_CLK_DISABLE();
 366              		.loc 1 190 5
 367 0012 094B     		ldr	r3, .L22+4
 368 0014 DB69     		ldr	r3, [r3, #28]
 369 0016 084A     		ldr	r2, .L22+4
 370 0018 23F40033 		bic	r3, r3, #131072
 371 001c D361     		str	r3, [r2, #28]
 191:./Core/Src/stm32f1xx_hal_msp.c **** 
 192:./Core/Src/stm32f1xx_hal_msp.c ****     /**USART2 GPIO Configuration
 193:./Core/Src/stm32f1xx_hal_msp.c ****     PA2     ------> USART2_TX
 194:./Core/Src/stm32f1xx_hal_msp.c ****     PA3     ------> USART2_RX
 195:./Core/Src/stm32f1xx_hal_msp.c ****     */
 196:./Core/Src/stm32f1xx_hal_msp.c ****     HAL_GPIO_DeInit(GPIOA, GPIO_PIN_2|GPIO_PIN_3);
 372              		.loc 1 196 5
 373 001e 0C21     		movs	r1, #12
 374 0020 0648     		ldr	r0, .L22+8
 375 0022 FFF7FEFF 		bl	HAL_GPIO_DeInit
 197:./Core/Src/stm32f1xx_hal_msp.c **** 
 198:./Core/Src/stm32f1xx_hal_msp.c ****     /* USART2 interrupt DeInit */
 199:./Core/Src/stm32f1xx_hal_msp.c ****     HAL_NVIC_DisableIRQ(USART2_IRQn);
 376              		.loc 1 199 5
 377 0026 2620     		movs	r0, #38
 378 0028 FFF7FEFF 		bl	HAL_NVIC_DisableIRQ
 379              	.L21:
 200:./Core/Src/stm32f1xx_hal_msp.c ****   /* USER CODE BEGIN USART2_MspDeInit 1 */
ARM GAS  C:\Users\KAI\AppData\Local\Temp\ccodE6f3.s 			page 11


 201:./Core/Src/stm32f1xx_hal_msp.c **** 
 202:./Core/Src/stm32f1xx_hal_msp.c ****   /* USER CODE END USART2_MspDeInit 1 */
 203:./Core/Src/stm32f1xx_hal_msp.c ****   }
 204:./Core/Src/stm32f1xx_hal_msp.c **** 
 205:./Core/Src/stm32f1xx_hal_msp.c **** }
 380              		.loc 1 205 1
 381 002c 00BF     		nop
 382 002e 0837     		adds	r7, r7, #8
 383              		.cfi_def_cfa_offset 8
 384 0030 BD46     		mov	sp, r7
 385              		.cfi_def_cfa_register 13
 386              		@ sp needed
 387 0032 80BD     		pop	{r7, pc}
 388              	.L23:
 389              		.align	2
 390              	.L22:
 391 0034 00440040 		.word	1073759232
 392 0038 00100240 		.word	1073876992
 393 003c 00080140 		.word	1073809408
 394              		.cfi_endproc
 395              	.LFE69:
 397              		.text
 398              	.Letext0:
 399              		.file 2 "c:\\st\\stm32cubeide_1.7.0\\stm32cubeide\\plugins\\com.st.stm32cube.ide.mcu.externaltools
 400              		.file 3 "c:\\st\\stm32cubeide_1.7.0\\stm32cubeide\\plugins\\com.st.stm32cube.ide.mcu.externaltools
 401              		.file 4 "Drivers/CMSIS/Include/core_cm3.h"
 402              		.file 5 "Drivers/CMSIS/Device/ST/STM32F1xx/Include/system_stm32f1xx.h"
 403              		.file 6 "Drivers/CMSIS/Device/ST/STM32F1xx/Include/stm32f103x6.h"
 404              		.file 7 "Drivers/STM32F1xx_HAL_Driver/Inc/stm32f1xx_hal_def.h"
 405              		.file 8 "Drivers/STM32F1xx_HAL_Driver/Inc/stm32f1xx_hal_gpio.h"
 406              		.file 9 "Drivers/STM32F1xx_HAL_Driver/Inc/stm32f1xx_hal_dma.h"
 407              		.file 10 "Drivers/STM32F1xx_HAL_Driver/Inc/stm32f1xx_hal_tim.h"
 408              		.file 11 "Drivers/STM32F1xx_HAL_Driver/Inc/stm32f1xx_hal_uart.h"
 409              		.file 12 "Drivers/STM32F1xx_HAL_Driver/Inc/stm32f1xx_hal.h"
ARM GAS  C:\Users\KAI\AppData\Local\Temp\ccodE6f3.s 			page 12


DEFINED SYMBOLS
                            *ABS*:0000000000000000 stm32f1xx_hal_msp.c
C:\Users\KAI\AppData\Local\Temp\ccodE6f3.s:16     .text.HAL_MspInit:0000000000000000 $t
C:\Users\KAI\AppData\Local\Temp\ccodE6f3.s:24     .text.HAL_MspInit:0000000000000000 HAL_MspInit
C:\Users\KAI\AppData\Local\Temp\ccodE6f3.s:94     .text.HAL_MspInit:000000000000005c $d
C:\Users\KAI\AppData\Local\Temp\ccodE6f3.s:100    .text.HAL_TIM_Base_MspInit:0000000000000000 $t
C:\Users\KAI\AppData\Local\Temp\ccodE6f3.s:107    .text.HAL_TIM_Base_MspInit:0000000000000000 HAL_TIM_Base_MspInit
C:\Users\KAI\AppData\Local\Temp\ccodE6f3.s:161    .text.HAL_TIM_Base_MspInit:0000000000000044 $d
C:\Users\KAI\AppData\Local\Temp\ccodE6f3.s:166    .text.HAL_TIM_Base_MspDeInit:0000000000000000 $t
C:\Users\KAI\AppData\Local\Temp\ccodE6f3.s:173    .text.HAL_TIM_Base_MspDeInit:0000000000000000 HAL_TIM_Base_MspDeInit
C:\Users\KAI\AppData\Local\Temp\ccodE6f3.s:215    .text.HAL_TIM_Base_MspDeInit:000000000000002c $d
C:\Users\KAI\AppData\Local\Temp\ccodE6f3.s:220    .text.HAL_UART_MspInit:0000000000000000 $t
C:\Users\KAI\AppData\Local\Temp\ccodE6f3.s:227    .text.HAL_UART_MspInit:0000000000000000 HAL_UART_MspInit
C:\Users\KAI\AppData\Local\Temp\ccodE6f3.s:330    .text.HAL_UART_MspInit:0000000000000098 $d
C:\Users\KAI\AppData\Local\Temp\ccodE6f3.s:337    .text.HAL_UART_MspDeInit:0000000000000000 $t
C:\Users\KAI\AppData\Local\Temp\ccodE6f3.s:344    .text.HAL_UART_MspDeInit:0000000000000000 HAL_UART_MspDeInit
C:\Users\KAI\AppData\Local\Temp\ccodE6f3.s:391    .text.HAL_UART_MspDeInit:0000000000000034 $d
                           .group:0000000000000000 wm4.0.a21ab13f311afe0255bb80aef44f75e6
                           .group:0000000000000000 wm4.stm32f1xx_hal_conf.h.21.98635006afa9a018cfa5e0632ed4968b
                           .group:0000000000000000 wm4.stm32f1xx.h.39.208bb8a61c892b7c37d899c49a031330
                           .group:0000000000000000 wm4.stm32f103x6.h.38.c380e9c6400cf3b45331581c31968951
                           .group:0000000000000000 wm4._newlib_version.h.4.1ef4e12f167f8b69d7c30054be56050d
                           .group:0000000000000000 wm4.features.h.33.318b64d71e0957639cfb30f1db1f7ec8
                           .group:0000000000000000 wm4._default_types.h.15.247e5cd201eca3442cbf5404108c4935
                           .group:0000000000000000 wm4._intsup.h.10.48bafbb683905c4daa4565a85aeeb264
                           .group:0000000000000000 wm4._stdint.h.10.c24fa3af3bc1706662bb5593a907e841
                           .group:0000000000000000 wm4.stdint.h.23.d53047a68f4a85177f80b422d52785ed
                           .group:0000000000000000 wm4.cmsis_version.h.32.4d5822004c01a829a975260e854b5f8e
                           .group:0000000000000000 wm4.core_cm3.h.66.fc46cac19810db8f98d67da7ef88f42c
                           .group:0000000000000000 wm4.cmsis_gcc.h.26.225e4f5469716fdeef823d1102f5b23e
                           .group:0000000000000000 wm4.core_cm3.h.127.f4474120f1a7524deb56f9d74ff175da
                           .group:0000000000000000 wm4.stm32f103x6.h.568.9fd852b5e75beca9bb663a0bce9fae78
                           .group:0000000000000000 wm4.stm32f1xx.h.162.96b09079a093c34dbd7f0b85cbd0ddee
                           .group:0000000000000000 wm4.stm32_hal_legacy.h.23.91ba5b544a4c2be2620a1e7ff0049e10
                           .group:0000000000000000 wm4.stddef.h.39.144cf5ddcd53cbfdac30259dc1a6c87f
                           .group:0000000000000000 wm4.stm32f1xx_hal_def.h.57.18d01ce1aa74e9fb44dbf16f821a574a
                           .group:0000000000000000 wm4.stm32f1xx_hal_rcc.h.95.21591bbc513aaa813c0b8640c3b32517
                           .group:0000000000000000 wm4.stm32f1xx_hal_rcc_ex.h.22.3a0b7e8041b3028f6cff6afd78fd4b60
                           .group:0000000000000000 wm4.stm32f1xx_hal_rcc.h.1202.f8e5f9e0cf4eef7840facf5396029056
                           .group:0000000000000000 wm4.stm32f1xx_hal_gpio.h.22.fa638d688dcc57ca806fe6a7831b0d04
                           .group:0000000000000000 wm4.stm32f1xx_hal_gpio_ex.h.22.617211ec6e7b3eddc2f02f2368733652
                           .group:0000000000000000 wm4.stm32f1xx_hal_gpio.h.263.f5ebf2f545ade59412ab9261c8e35dc4
                           .group:0000000000000000 wm4.stm32f1xx_hal_exti.h.22.dc59ac364fa012cb16d8761e7084fd2f
                           .group:0000000000000000 wm4.stm32f1xx_hal_dma.h.22.3c14338534886827bf3aeaa2a7f412a1
                           .group:0000000000000000 wm4.stm32f1xx_hal_dma_ex.h.22.001ac4d7f81ccbdcae49bd65c13858c8
                           .group:0000000000000000 wm4.stm32f1xx_hal_dma.h.409.cafcd2cfe701091535636be537c18293
                           .group:0000000000000000 wm4.stm32f1xx_hal_cortex.h.22.b5f4174bb6a50d95405567b8f50e0900
                           .group:0000000000000000 wm4.stm32f1xx_hal_flash.h.22.5cea9a7210e6315b41724b47b5fdf203
                           .group:0000000000000000 wm4.stm32f1xx_hal_flash_ex.h.22.de0d1acc862cc89e7d650af43a77624f
                           .group:0000000000000000 wm4.stm32f1xx_hal_pwr.h.22.3438c476faafc3240bf146f143df3fcd
                           .group:0000000000000000 wm4.stm32f1xx_hal_tim.h.22.a16e206564e97dbace9faae59a0d6008
                           .group:0000000000000000 wm4.stm32f1xx_hal_uart.h.22.5f7992e497faa36aa98f09f7214f4dbb
                           .group:0000000000000000 wm4.stm32f1xx_hal.h.88.b8fc6489a2f01723e8d9e391c1072aa4
                           .group:0000000000000000 wm4.main.h.61.74d1da09ab2b5e68d645d6eba4bce708

UNDEFINED SYMBOLS
HAL_NVIC_SetPriority
ARM GAS  C:\Users\KAI\AppData\Local\Temp\ccodE6f3.s 			page 13


HAL_NVIC_EnableIRQ
HAL_NVIC_DisableIRQ
HAL_GPIO_Init
HAL_GPIO_DeInit
